Build started 02/08/2010 15:03:22.
Project "C:\Users\ofiras\Desktop\StateChart\Starter\StateChart\StateChart.vcxproj" on node 2 (rebuild target(s)).
PrepareForBuild:
  Creating directory "C:\Users\ofiras\Desktop\StateChart\Starter\Debug\".
InitializeBuildStatus:
  Creating "Debug\StateChart.unsuccessfulbuild" because "AlwaysCreate" was specified.
ClCompile:
  C:\Program Files\Microsoft Visual Studio 10.0\VC\bin\CL.exe /c /ZI /nologo /W3 /WX- /Od /Oy- /D WIN32 /D _DEBUG /D _CONSOLE /D _UNICODE /D UNICODE /Gm /EHsc /RTC1 /MDd /GS /fp:precise /Zc:wchar_t /Zc:forScope /Fo"Debug\\" /Fd"Debug\vc100.pdb" /Gd /TP /analyze- /errorReport:prompt GarageDoorController.cpp GarageTest.cpp
  GarageTest.cpp
  GarageDoorController.cpp
  Generating Code...
ManifestResourceCompile:
  C:\Program Files\Microsoft SDKs\Windows\v7.0A\bin\rc.exe /nologo /fo"Debug\StateChart.exe.embed.manifest.res" Debug\StateChart_manifest.rc 
Link:
  C:\Program Files\Microsoft Visual Studio 10.0\VC\bin\link.exe /ERRORREPORT:PROMPT /OUT:"C:\Users\ofiras\Desktop\StateChart\Starter\Debug\StateChart.exe" /INCREMENTAL /NOLOGO kernel32.lib user32.lib gdi32.lib winspool.lib comdlg32.lib advapi32.lib shell32.lib ole32.lib oleaut32.lib uuid.lib odbc32.lib odbccp32.lib /MANIFEST /ManifestFile:"Debug\StateChart.exe.intermediate.manifest" /MANIFESTUAC:"level='asInvoker' uiAccess='false'" /DEBUG /PDB:"C:\Users\ofiras\Desktop\StateChart\Starter\Debug\StateChart.pdb" /SUBSYSTEM:CONSOLE /TLBID:1 /DYNAMICBASE /NXCOMPAT /IMPLIB:"C:\Users\ofiras\Desktop\StateChart\Starter\Debug\StateChart.lib" /MACHINE:X86 Debug\StateChart.exe.embed.manifest.res
  Debug\GarageDoorController.obj
  Debug\GarageTest.obj
Manifest:
  Deleting file "Debug\StateChart.exe.embed.manifest".
  C:\Program Files\Microsoft SDKs\Windows\v7.0A\bin\mt.exe /nologo /verbose /out:"Debug\StateChart.exe.embed.manifest" /manifest Debug\StateChart.exe.intermediate.manifest
  C:\Program Files\Microsoft SDKs\Windows\v7.0A\bin\rc.exe /nologo /fo"Debug\StateChart.exe.embed.manifest.res" Debug\StateChart_manifest.rc 
LinkEmbedManifest:
  C:\Program Files\Microsoft Visual Studio 10.0\VC\bin\link.exe /ERRORREPORT:PROMPT /OUT:"C:\Users\ofiras\Desktop\StateChart\Starter\Debug\StateChart.exe" /INCREMENTAL /NOLOGO kernel32.lib user32.lib gdi32.lib winspool.lib comdlg32.lib advapi32.lib shell32.lib ole32.lib oleaut32.lib uuid.lib odbc32.lib odbccp32.lib /MANIFEST /ManifestFile:"Debug\StateChart.exe.intermediate.manifest" /MANIFESTUAC:"level='asInvoker' uiAccess='false'" /DEBUG /PDB:"C:\Users\ofiras\Desktop\StateChart\Starter\Debug\StateChart.pdb" /SUBSYSTEM:CONSOLE /TLBID:1 /DYNAMICBASE /NXCOMPAT /IMPLIB:"C:\Users\ofiras\Desktop\StateChart\Starter\Debug\StateChart.lib" /MACHINE:X86 Debug\StateChart.exe.embed.manifest.res
  Debug\GarageDoorController.obj
  Debug\GarageTest.obj
  StateChart.vcxproj -> C:\Users\ofiras\Desktop\StateChart\Starter\Debug\StateChart.exe
FinalizeBuildStatus:
  Deleting file "Debug\StateChart.unsuccessfulbuild".
  Touching "Debug\StateChart.lastbuildstate".
Done Building Project "C:\Users\ofiras\Desktop\StateChart\Starter\StateChart\StateChart.vcxproj" (rebuild target(s)).

Build succeeded.

Time Elapsed 00:00:04.75
