C:\USERS\OFIRAS\DESKTOP\STATECHART\DEBUG\STATECHART.EXE
C:\USERS\OFIRAS\DESKTOP\STATECHART\DEBUG\STATECHART.ILK
C:\USERS\OFIRAS\DESKTOP\STATECHART\DEBUG\STATECHART.PDB
C:\Users\ofiras\Desktop\StateChart\Solution\Debug\StateChart.exe
C:\Users\ofiras\Desktop\StateChart\Solution\Debug\StateChart.ilk
C:\Users\ofiras\Desktop\StateChart\Solution\Debug\StateChart.pdb
C:\Users\ofiras\Desktop\StateChart\Solution\StateChart\Debug\cl.command.1.tlog
C:\Users\ofiras\Desktop\StateChart\Solution\StateChart\Debug\CL.read.1.tlog
C:\Users\ofiras\Desktop\StateChart\Solution\StateChart\Debug\CL.write.1.tlog
C:\Users\ofiras\Desktop\StateChart\Solution\StateChart\Debug\GarageDoorController.obj
C:\Users\ofiras\Desktop\StateChart\Solution\StateChart\Debug\GarageTest.obj
C:\Users\ofiras\Desktop\StateChart\Solution\StateChart\Debug\link.5860.read.1.tlog
C:\Users\ofiras\Desktop\StateChart\Solution\StateChart\Debug\link.5860.write.1.tlog
C:\Users\ofiras\Desktop\StateChart\Solution\StateChart\Debug\link.5860-cvtres.read.1.tlog
C:\Users\ofiras\Desktop\StateChart\Solution\StateChart\Debug\link.5860-cvtres.write.1.tlog
C:\Users\ofiras\Desktop\StateChart\Solution\StateChart\Debug\link.command.1.tlog
C:\Users\ofiras\Desktop\StateChart\Solution\StateChart\Debug\link.read.1.tlog
C:\Users\ofiras\Desktop\StateChart\Solution\StateChart\Debug\link.write.1.tlog
C:\Users\ofiras\Desktop\StateChart\Solution\StateChart\Debug\link-cvtres.read.1.tlog
C:\Users\ofiras\Desktop\StateChart\Solution\StateChart\Debug\link-cvtres.write.1.tlog
C:\Users\ofiras\Desktop\StateChart\Solution\StateChart\Debug\mt.command.1.tlog
C:\Users\ofiras\Desktop\StateChart\Solution\StateChart\Debug\mt.read.1.tlog
C:\Users\ofiras\Desktop\StateChart\Solution\StateChart\Debug\mt.write.1.tlog
C:\Users\ofiras\Desktop\StateChart\Solution\StateChart\Debug\rc.command.1.tlog
C:\Users\ofiras\Desktop\StateChart\Solution\StateChart\Debug\rc.read.1.tlog
C:\Users\ofiras\Desktop\StateChart\Solution\StateChart\Debug\rc.write.1.tlog
C:\Users\ofiras\Desktop\StateChart\Solution\StateChart\Debug\StateChart.exe.embed.manifest
C:\Users\ofiras\Desktop\StateChart\Solution\StateChart\Debug\StateChart.exe.embed.manifest.res
C:\Users\ofiras\Desktop\StateChart\Solution\StateChart\Debug\StateChart.exe.intermediate.manifest
C:\Users\ofiras\Desktop\StateChart\Solution\StateChart\Debug\StateChart_manifest.rc
C:\Users\ofiras\Desktop\StateChart\Solution\StateChart\Debug\vc100.idb
C:\Users\ofiras\Desktop\StateChart\Solution\StateChart\Debug\vc100.pdb
C:\USERS\OFIRAS\DESKTOP\STATECHART\STATECHART\DEBUG\GARAGEDOORCONTROLLER.OBJ
C:\USERS\OFIRAS\DESKTOP\STATECHART\STATECHART\DEBUG\GARAGETEST.OBJ
C:\USERS\OFIRAS\DESKTOP\STATECHART\STATECHART\DEBUG\STATECHART.EXE.EMBED.MANIFEST
C:\USERS\OFIRAS\DESKTOP\STATECHART\STATECHART\DEBUG\STATECHART.EXE.EMBED.MANIFEST.RES
C:\USERS\OFIRAS\DESKTOP\STATECHART\STATECHART\DEBUG\STATECHART.EXE.INTERMEDIATE.MANIFEST
C:\USERS\OFIRAS\DESKTOP\STATECHART\STATECHART\DEBUG\VC100.PDB
