Build started 02/08/2010 15:01:42.
Project "C:\Users\ofiras\Desktop\StateChart\Solution\StateChart\StateChart.vcxproj" on node 2 (build target(s)).
InitializeBuildStatus:
  Creating "Debug\StateChart.unsuccessfulbuild" because "AlwaysCreate" was specified.
ClCompile:
  C:\Program Files\Microsoft Visual Studio 10.0\VC\bin\CL.exe /c /ZI /nologo /W3 /WX- /Od /Oy- /D WIN32 /D _DEBUG /D _CONSOLE /D _UNICODE /D UNICODE /Gm /EHsc /RTC1 /MDd /GS /fp:precise /Zc:wchar_t /Zc:forScope /Fo"Debug\\" /Fd"Debug\vc100.pdb" /Gd /TP /analyze- /errorReport:prompt GarageDoorController.cpp GarageTest.cpp
  GarageDoorController.cpp
  Generating Code...
  Compiling...
  GarageTest.cpp
  Generating Code...
ManifestResourceCompile:
  All outputs are up-to-date.
Link:
  C:\Program Files\Microsoft Visual Studio 10.0\VC\bin\link.exe /ERRORREPORT:PROMPT /OUT:"C:\Users\ofiras\Desktop\StateChart\Solution\Debug\StateChart.exe" /INCREMENTAL /NOLOGO kernel32.lib user32.lib gdi32.lib winspool.lib comdlg32.lib advapi32.lib shell32.lib ole32.lib oleaut32.lib uuid.lib odbc32.lib odbccp32.lib /MANIFEST /ManifestFile:"Debug\StateChart.exe.intermediate.manifest" /MANIFESTUAC:"level='asInvoker' uiAccess='false'" /DEBUG /PDB:"C:\Users\ofiras\Desktop\StateChart\Solution\Debug\StateChart.pdb" /SUBSYSTEM:CONSOLE /TLBID:1 /DYNAMICBASE /NXCOMPAT /IMPLIB:"C:\Users\ofiras\Desktop\StateChart\Solution\Debug\StateChart.lib" /MACHINE:X86 Debug\StateChart.exe.embed.manifest.res
  Debug\GarageDoorController.obj
  Debug\GarageTest.obj
Manifest:
  C:\Program Files\Microsoft SDKs\Windows\v7.0A\bin\mt.exe /nologo /verbose /out:"Debug\StateChart.exe.embed.manifest" /manifest Debug\StateChart.exe.intermediate.manifest
  All outputs are up-to-date.
LinkEmbedManifest:
  All outputs are up-to-date.
  StateChart.vcxproj -> C:\Users\ofiras\Desktop\StateChart\Solution\Debug\StateChart.exe
FinalizeBuildStatus:
  Deleting file "Debug\StateChart.unsuccessfulbuild".
  Touching "Debug\StateChart.lastbuildstate".
Done Building Project "C:\Users\ofiras\Desktop\StateChart\Solution\StateChart\StateChart.vcxproj" (build target(s)).

Build succeeded.

Time Elapsed 00:00:03.01
